C:\USERS\STORKSONS\DROPBOX\UW PLATTEVILLE\CLASSES\FALL 2015\OOPS2\PROGRAMS\PROGRAM3\PROGRAM3\DEBUG\VBOT.OBJ
C:\USERS\STORKSONS\DROPBOX\UW PLATTEVILLE\CLASSES\FALL 2015\OOPS2\PROGRAMS\PROGRAM3\PROGRAM3\DEBUG\MYFORM.OBJ
C:\USERS\STORKSONS\DROPBOX\UW PLATTEVILLE\CLASSES\FALL 2015\OOPS2\PROGRAMS\PROGRAM3\PROGRAM3\DEBUG\HAPPYBOT.OBJ
C:\USERS\STORKSONS\DROPBOX\UW PLATTEVILLE\CLASSES\FALL 2015\OOPS2\PROGRAMS\PROGRAM3\PROGRAM3\DEBUG\VC110.PDB
C:\USERS\STORKSONS\DROPBOX\UW PLATTEVILLE\CLASSES\FALL 2015\OOPS2\PROGRAMS\PROGRAM3\PROGRAM3\DEBUG\.NETFRAMEWORK,VERSION=V4.5.ASSEMBLYATTRIBUTES.OBJ
C:\USERS\STORKSONS\DROPBOX\UW PLATTEVILLE\CLASSES\FALL 2015\OOPS2\PROGRAMS\PROGRAM3\DEBUG\PROGRAM3.ILK
C:\USERS\STORKSONS\DROPBOX\UW PLATTEVILLE\CLASSES\FALL 2015\OOPS2\PROGRAMS\PROGRAM3\DEBUG\PROGRAM3.EXE
C:\USERS\STORKSONS\DROPBOX\UW PLATTEVILLE\CLASSES\FALL 2015\OOPS2\PROGRAMS\PROGRAM3\DEBUG\PROGRAM3.PDB
C:\Users\Steve\Dropbox\UW Platteville\Classes\Fall 2015\OOPS2\Programs\Program3\Program3\Debug\Program3.MyForm.resources
C:\Users\storksons\Dropbox\UW Platteville\Classes\Fall 2015\OOPS2\Programs\Program3\Program3\Debug\Program3.MyForm.resources
C:\Users\Steve\Dropbox\UW Platteville\Classes\Fall 2015\OOPS2\Programs\Program3\Program3\Debug\HappyBot.obj
C:\Users\Steve\Dropbox\UW Platteville\Classes\Fall 2015\OOPS2\Programs\Program3\Program3\Debug\MyForm.obj
C:\Users\Steve\Dropbox\UW Platteville\Classes\Fall 2015\OOPS2\Programs\Program3\Program3\Debug\VBot.obj
C:\Users\Steve\Dropbox\UW Platteville\Classes\Fall 2015\OOPS2\Programs\Program3\Program3\Debug\cl.command.1.tlog
C:\Users\Steve\Dropbox\UW Platteville\Classes\Fall 2015\OOPS2\Programs\Program3\Program3\Debug\CL.read.1.tlog
C:\Users\Steve\Dropbox\UW Platteville\Classes\Fall 2015\OOPS2\Programs\Program3\Program3\Debug\CL.write.1.tlog
C:\Users\Steve\Dropbox\UW Platteville\Classes\Fall 2015\OOPS2\Programs\Program3\Program3\Debug\link.16108-rc.read.1.tlog
C:\Users\Steve\Dropbox\UW Platteville\Classes\Fall 2015\OOPS2\Programs\Program3\Program3\Debug\link.16108-rc.write.1.tlog
C:\Users\Steve\Dropbox\UW Platteville\Classes\Fall 2015\OOPS2\Programs\Program3\Program3\Debug\link.16108.read.1.tlog
C:\Users\Steve\Dropbox\UW Platteville\Classes\Fall 2015\OOPS2\Programs\Program3\Program3\Debug\link.16108.write.1.tlog
C:\Users\Steve\Dropbox\UW Platteville\Classes\Fall 2015\OOPS2\Programs\Program3\Program3\Debug\link.command.1.tlog
C:\Users\Steve\Dropbox\UW Platteville\Classes\Fall 2015\OOPS2\Programs\Program3\Program3\Debug\link.read.1.tlog
C:\Users\Steve\Dropbox\UW Platteville\Classes\Fall 2015\OOPS2\Programs\Program3\Program3\Debug\link.write.1.tlog
C:\Users\Steve\Dropbox\UW Platteville\Classes\Fall 2015\OOPS2\Programs\Program3\Program3\Debug\metagen.read.1.tlog
C:\Users\Steve\Dropbox\UW Platteville\Classes\Fall 2015\OOPS2\Programs\Program3\Program3\Debug\metagen.write.1.tlog
C:\Users\Steve\Dropbox\UW Platteville\Classes\Fall 2015\OOPS2\Programs\Program3\Program3\Debug\Program3.write.1 (DESKTOP-3JM86EF's conflicted copy 2015-11-12).tlog
C:\Users\Steve\Dropbox\UW Platteville\Classes\Fall 2015\OOPS2\Programs\Program3\Program3\Debug\Program3.write.1.tlog
C:\Users\Steve\Dropbox\UW Platteville\Classes\Fall 2015\OOPS2\Programs\Program3\Program3\Debug\vc110.pdb
C:\Users\Steve\Dropbox\UW Platteville\Classes\Fall 2015\OOPS2\Programs\Program3\Program3\Debug\RSAENH.DLL.bi
C:\Users\Steve\Dropbox\UW Platteville\Classes\Fall 2015\OOPS2\Programs\Program3\Program3\Debug\TZRES.DLL.bi
C:\Users\Steve\Dropbox\UW Platteville\Classes\Fall 2015\OOPS2\Programs\Program3\Debug\Program3.pdb
C:\Users\Steve\Dropbox\UW Platteville\Classes\Fall 2015\OOPS2\Programs\Program3\Debug\Program3.exe
C:\Users\Steve\Dropbox\UW Platteville\Classes\Fall 2015\OOPS2\Programs\Program3\Debug\Program3.ilk
