Build started 11/18/2015 10:06:15 AM.
Project "C:\Users\storksons\Dropbox\UW Platteville\Classes\Fall 2015\OOPS2\Programs\prog4\prog4\Prog4.vcxproj" on node 2 (Rebuild target(s)).
ClCompile:
  C:\Program Files (x86)\Microsoft Visual Studio 11.0\VC\bin\CL.exe /c /AI"C:\Program Files (x86)\Reference Assemblies\Microsoft\Framework\.NETFramework\v4.5\\" /AI"C:\Program Files (x86)\Windows Kits\8.0\References\CommonConfiguration\Neutral" /AI"C:\Program Files (x86)\Reference Assemblies\Microsoft\Framework\.NETFramework\v4.5\Facades\\" /Zi /clr /nologo /W3 /WX- /Od /Oy- /D WIN32 /D _DEBUG /D _UNICODE /D UNICODE /EHa /MDd /GS /fp:precise /Zc:wchar_t /Zc:forScope /Fo"Debug\\" /Fd"Debug\vc110.pdb" /TP /FU"C:\Program Files (x86)\Reference Assemblies\Microsoft\Framework\.NETFramework\v4.5\mscorlib.dll" /FU"C:\Program Files (x86)\Reference Assemblies\Microsoft\Framework\.NETFramework\v4.5\System.Data.dll" /FU"C:\Program Files (x86)\Reference Assemblies\Microsoft\Framework\.NETFramework\v4.5\System.dll" /FU"C:\Program Files (x86)\Reference Assemblies\Microsoft\Framework\.NETFramework\v4.5\System.Drawing.dll" /FU"C:\Program Files (x86)\Reference Assemblies\Microsoft\Framework\.NETFramework\v4.5\System.Windows.Forms.dll" /FU"C:\Program Files (x86)\Reference Assemblies\Microsoft\Framework\.NETFramework\v4.5\System.Xml.dll" /analyze- /errorReport:prompt /clr:nostdlib HelpForm.cpp MainForm.cpp Maze.cpp
  HelpForm.cpp
  MainForm.cpp
c:\users\storksons\dropbox\uw platteville\classes\fall 2015\oops2\programs\prog4\prog4\MainForm.h(207): warning C4244: '=' : conversion from 'wchar_t' to 'char', possible loss of data
  Maze.cpp
  Generating Code...
  C:\Program Files (x86)\Microsoft Visual Studio 11.0\VC\bin\CL.exe /c /Zi /clr /nologo /W3 /WX- /Od /Oy- /D WIN32 /D _DEBUG /D _UNICODE /D UNICODE /EHa /MDd /GS /fp:precise /Zc:wchar_t /Zc:forScope /Fo"Debug\\" /Fd"Debug\vc110.pdb" /TP /analyze- /errorReport:prompt "C:\Users\storksons\AppData\Local\Temp\.NETFramework,Version=v4.5.AssemblyAttributes.cpp"
  .NETFramework,Version=v4.5.AssemblyAttributes.cpp
Link:
  C:\Program Files (x86)\Microsoft Visual Studio 11.0\VC\bin\link.exe /ERRORREPORT:PROMPT /OUT:"C:\Users\storksons\Dropbox\UW Platteville\Classes\Fall 2015\OOPS2\Programs\prog4\Debug\Prog4.exe" /INCREMENTAL /NOLOGO /ASSEMBLYRESOURCE:Debug\Prog4.HelpForm.resources /ASSEMBLYRESOURCE:Debug\Prog4.MainForm.resources /MANIFEST /MANIFESTUAC:"level='asInvoker' uiAccess='false'" /manifest:embed /DEBUG /PDB:"C:\Users\storksons\Dropbox\UW Platteville\Classes\Fall 2015\OOPS2\Programs\prog4\Debug\Prog4.pdb" /ASSEMBLYDEBUG /TLBID:1 /DYNAMICBASE /FIXED:NO /NXCOMPAT /MACHINE:X86 Debug\HelpForm.obj
  Debug\MainForm.obj
  Debug\Maze.obj
  "Debug\.NETFramework,Version=v4.5.AssemblyAttributes.obj"
  Prog4.vcxproj -> C:\Users\storksons\Dropbox\UW Platteville\Classes\Fall 2015\OOPS2\Programs\prog4\Debug\Prog4.exe
Done Building Project "C:\Users\storksons\Dropbox\UW Platteville\Classes\Fall 2015\OOPS2\Programs\prog4\prog4\Prog4.vcxproj" (Rebuild target(s)).

Build succeeded.

Time Elapsed 00:00:11.44
